<?xml version="1.0" encoding="UTF-8"?>
<testng-results skipped="0" failed="0" total="1" passed="1">
  <reporter-output>
  </reporter-output>
  <suite name="com.verity.sampletests.SampleTest" duration-ms="31149" started-at="2017-05-17T21:32:47Z" finished-at="2017-05-17T21:33:18Z">
    <groups>
    </groups>
    <test name="Command line test" duration-ms="31149" started-at="2017-05-17T21:32:47Z" finished-at="2017-05-17T21:33:18Z">
      <class name="com.verity.sampletests.SampleTest">
        <test-method status="PASS" signature="setup()[pri:0, instance:com.verity.sampletests.SampleTest@2ef5e5e3]" name="setup" is-config="true" duration-ms="26867" started-at="2017-05-17T14:32:47Z" finished-at="2017-05-17T14:33:14Z">
          <reporter-output>
          </reporter-output>
        </test-method> <!-- setup -->
        <test-method status="PASS" signature="navigate()[pri:0, instance:com.verity.sampletests.SampleTest@2ef5e5e3]" name="navigate" is-config="true" duration-ms="3536" started-at="2017-05-17T14:33:14Z" finished-at="2017-05-17T14:33:18Z">
          <reporter-output>
          </reporter-output>
        </test-method> <!-- navigate -->
        <test-method status="PASS" signature="testingGrid()[pri:0, instance:com.verity.sampletests.SampleTest@2ef5e5e3]" name="testingGrid" duration-ms="1" started-at="2017-05-17T14:33:18Z" finished-at="2017-05-17T14:33:18Z">
          <reporter-output>
          </reporter-output>
        </test-method> <!-- testingGrid -->
        <test-method status="PASS" signature="after(org.testng.ITestResult)[pri:0, instance:com.verity.sampletests.SampleTest@2ef5e5e3]" name="after" is-config="true" duration-ms="736" started-at="2017-05-17T14:33:18Z" finished-at="2017-05-17T14:33:18Z">
          <params>
            <param index="0">
              <value>
                <![CDATA[[TestResult name=testingGrid status=SUCCESS method=SampleTest.testingGrid()[pri:0, instance:com.verity.sampletests.SampleTest@2ef5e5e3] output={null}]]]>
              </value>
            </param>
          </params>
          <reporter-output>
          </reporter-output>
        </test-method> <!-- after -->
      </class> <!-- com.verity.sampletests.SampleTest -->
    </test> <!-- Command line test -->
  </suite> <!-- com.verity.sampletests.SampleTest -->
</testng-results>
